<?xml version="1.0" encoding="UTF-8"?>
<!-- Generated by org.testng.reporters.JUnitReportReporter -->
<testsuite hostname="Vanishjagan" failures="0" tests="1" name="basicweb.Sundaytest" time="0.000" errors="0" timestamp="2022-11-27T12:46:38 IST" skipped="1">
  <testcase classname="basicweb.Sundaytest" name="loginTest" time="0.000">
    <skipped/>
  </testcase> <!-- loginTest -->
  <system-out/>
</testsuite> <!-- basicweb.Sundaytest -->
